<?xml version="1.0" encoding="UTF-8"?>
<!-- Generated by org.testng.reporters.JUnitXMLReporter -->
<testsuite hostname="DESKTOP-TH3UGC1" ignored="1" name="TestComponent" tests="10" failures="1" timestamp="2020-07-22T10:30:10 IST" time="0.574" errors="0">
  <testcase name="C2Step2" time="0.032" classname="TestPackage.component2"/>
  <testcase name="C2Step3" time="0.014" classname="TestPackage.component2"/>
  <testcase name="C2Step3" time="0.002" classname="TestPackage.component2"/>
  <testcase name="C2Step3" time="0.021" classname="TestPackage.component2"/>
  <testcase name="C1Step1" time="0.019" classname="TestPackage.component1"/>
  <testcase name="C1Step2" time="0.118" classname="TestPackage.component1">
    <failure type="java.lang.AssertionError" message="expected [true] but found [false]">
      <![CDATA[java.lang.AssertionError: expected [true] but found [false]
at TestPackage.component1.C1Step2(component1.java:32)
at java.util.concurrent.FutureTask.run(FutureTask.java:266)
at java.util.concurrent.ThreadPoolExecutor.runWorker(ThreadPoolExecutor.java:1149)
at java.util.concurrent.ThreadPoolExecutor$Worker.run(ThreadPoolExecutor.java:624)
at java.lang.Thread.run(Thread.java:748)
... Removed 12 stack frames]]>
    </failure>
  </testcase> <!-- C1Step2 -->
  <testcase name="C1Step3" time="0.004" classname="TestPackage.component1"/>
  <testcase name="C3Step1" time="0.004" classname="TestPackage.component3"/>
  <testcase name="C3Step2" time="0.002" classname="TestPackage.component3"/>
  <testcase name="C3Step3" time="0.003" classname="TestPackage.component3"/>
  <testcase name="C2Step1" time="0.0" classname="TestPackage.component2">
    <ignored/>
  </testcase> <!-- C2Step1 -->
</testsuite> <!-- TestComponent -->
